# JRE version: Java(TM) SE Runtime Environment (8.0_144-b01) (build 1.8.0_144-b01)
# Java VM: Java HotSpot(TM) 64-Bit Server VM (25.144-b01 mixed mode linux-amd64 compressed oops)
Heap:
 PSYoungGen      total 62976K, used 38142K [0x00000000f8000000, 0x00000000fc980000, 0x0000000100000000)
  eden space 50176K, 74% used [0x00000000f8000000,0x00000000fa4afab0,0x00000000fb100000)
  from space 12800K, 4% used [0x00000000fb100000,0x00000000fb190000,0x00000000fbd80000)
  to   space 12288K, 0% used [0x00000000fbd80000,0x00000000fbd80000,0x00000000fc980000)
 ParOldGen       total 57856K, used 27368K [0x00000000e8000000, 0x00000000eb880000, 0x00000000f8000000)
  object space 57856K, 47% used [0x00000000e8000000,0x00000000e9aba330,0x00000000eb880000)
 Metaspace       used 45214K, capacity 46152K, committed 46976K, reserved 1089536K
  class space    used 6108K, capacity 6351K, committed 6528K, reserved 1048576K
GC Heap History (10 events):
Event: 2847,912 GC heap before
{Heap before GC invocations=31 (full 4):
 PSYoungGen      total 64512K, used 49472K [0x00000000f8000000, 0x00000000fcf00000, 0x0000000100000000)
  eden space 49152K, 100% used [0x00000000f8000000,0x00000000fb000000,0x00000000fb000000)
  from space 15360K, 2% used [0x00000000fc000000,0x00000000fc050000,0x00000000fcf00000)
  to   space 15872K, 0% used [0x00000000fb000000,0x00000000fb000000,0x00000000fbf80000)
 ParOldGen       total 57856K, used 27328K [0x00000000e8000000, 0x00000000eb880000, 0x00000000f8000000)
  object space 57856K, 47% used [0x00000000e8000000,0x00000000e9ab0330,0x00000000eb880000)
 Metaspace       used 44888K, capacity 45826K, committed 46720K, reserved 1089536K
  class space    used 6106K, capacity 6350K, committed 6528K, reserved 1048576K
Event: 2847,914 GC heap after
Heap after GC invocations=31 (full 4):
 PSYoungGen      total 49664K, used 320K [0x00000000f8000000, 0x00000000fcd80000, 0x0000000100000000)
  eden space 49152K, 0% used [0x00000000f8000000,0x00000000f8000000,0x00000000fb000000)
  from space 512K, 62% used [0x00000000fb000000,0x00000000fb050000,0x00000000fb080000)
  to   space 14848K, 0% used [0x00000000fbf00000,0x00000000fbf00000,0x00000000fcd80000)
 ParOldGen       total 57856K, used 27336K [0x00000000e8000000, 0x00000000eb880000, 0x00000000f8000000)
  object space 57856K, 47% used [0x00000000e8000000,0x00000000e9ab2330,0x00000000eb880000)
 Metaspace       used 44888K, capacity 45826K, committed 46720K, reserved 1089536K
  class space    used 6106K, capacity 6350K, committed 6528K, reserved 1048576K
}
Event: 3218,884 GC heap before
{Heap before GC invocations=32 (full 4):
 PSYoungGen      total 49664K, used 49472K [0x00000000f8000000, 0x00000000fcd80000, 0x0000000100000000)
  eden space 49152K, 100% used [0x00000000f8000000,0x00000000fb000000,0x00000000fb000000)
  from space 512K, 62% used [0x00000000fb000000,0x00000000fb050000,0x00000000fb080000)
  to   space 14848K, 0% used [0x00000000fbf00000,0x00000000fbf00000,0x00000000fcd80000)
 ParOldGen       total 57856K, used 27336K [0x00000000e8000000, 0x00000000eb880000, 0x00000000f8000000)
  object space 57856K, 47% used [0x00000000e8000000,0x00000000e9ab2330,0x00000000eb880000)
 Metaspace       used 44989K, capacity 45960K, committed 46720K, reserved 1089536K
  class space    used 6107K, capacity 6351K, committed 6528K, reserved 1048576K
Event: 3218,891 GC heap after
Heap after GC invocations=32 (full 4):
 PSYoungGen      total 63488K, used 352K [0x00000000f8000000, 0x00000000fcc80000, 0x0000000100000000)
  eden space 49664K, 0% used [0x00000000f8000000,0x00000000f8000000,0x00000000fb080000)
  from space 13824K, 2% used [0x00000000fbf00000,0x00000000fbf58000,0x00000000fcc80000)
  to   space 14336K, 0% used [0x00000000fb080000,0x00000000fb080000,0x00000000fbe80000)
 ParOldGen       total 57856K, used 27344K [0x00000000e8000000, 0x00000000eb880000, 0x00000000f8000000)
  object space 57856K, 47% used [0x00000000e8000000,0x00000000e9ab4330,0x00000000eb880000)
 Metaspace       used 44989K, capacity 45960K, committed 46720K, reserved 1089536K
  class space    used 6107K, capacity 6351K, committed 6528K, reserved 1048576K
}
Event: 3601,352 GC heap before
{Heap before GC invocations=33 (full 4):
 PSYoungGen      total 63488K, used 50016K [0x00000000f8000000, 0x00000000fcc80000, 0x0000000100000000)
  eden space 49664K, 100% used [0x00000000f8000000,0x00000000fb080000,0x00000000fb080000)
  from space 13824K, 2% used [0x00000000fbf00000,0x00000000fbf58000,0x00000000fcc80000)
  to   space 14336K, 0% used [0x00000000fb080000,0x00000000fb080000,0x00000000fbe80000)
 ParOldGen       total 57856K, used 27344K [0x00000000e8000000, 0x00000000eb880000, 0x00000000f8000000)
  object space 57856K, 47% used [0x00000000e8000000,0x00000000e9ab4330,0x00000000eb880000)
 Metaspace       used 45032K, capacity 45960K, committed 46720K, reserved 1089536K
  class space    used 6107K, capacity 6351K, committed 6528K, reserved 1048576K
Event: 3601,355 GC heap after
Heap after GC invocations=33 (full 4):
 PSYoungGen      total 64000K, used 288K [0x00000000f8000000, 0x00000000fcc00000, 0x0000000100000000)
  eden space 49664K, 0% used [0x00000000f8000000,0x00000000f8000000,0x00000000fb080000)
  from space 14336K, 2% used [0x00000000fb080000,0x00000000fb0c8000,0x00000000fbe80000)
  to   space 13824K, 0% used [0x00000000fbe80000,0x00000000fbe80000,0x00000000fcc00000)
 ParOldGen       total 57856K, used 27352K [0x00000000e8000000, 0x00000000eb880000, 0x00000000f8000000)
  object space 57856K, 47% used [0x00000000e8000000,0x00000000e9ab6330,0x00000000eb880000)
 Metaspace       used 45032K, capacity 45960K, committed 46720K, reserved 1089536K
  class space    used 6107K, capacity 6351K, committed 6528K, reserved 1048576K
}
Event: 3874,249 GC heap before
{Heap before GC invocations=34 (full 4):
 PSYoungGen      total 64000K, used 49952K [0x00000000f8000000, 0x00000000fcc00000, 0x0000000100000000)
  eden space 49664K, 100% used [0x00000000f8000000,0x00000000fb080000,0x00000000fb080000)
  from space 14336K, 2% used [0x00000000fb080000,0x00000000fb0c8000,0x00000000fbe80000)
  to   space 13824K, 0% used [0x00000000fbe80000,0x00000000fbe80000,0x00000000fcc00000)
 ParOldGen       total 57856K, used 27352K [0x00000000e8000000, 0x00000000eb880000, 0x00000000f8000000)
  object space 57856K, 47% used [0x00000000e8000000,0x00000000e9ab6330,0x00000000eb880000)
 Metaspace       used 45107K, capacity 46024K, committed 46976K, reserved 1089536K
  class space    used 6107K, capacity 6351K, committed 6528K, reserved 1048576K
Event: 3874,256 GC heap after
Heap after GC invocations=34 (full 4):
 PSYoungGen      total 61952K, used 608K [0x00000000f8000000, 0x00000000fca00000, 0x0000000100000000)
  eden space 50176K, 0% used [0x00000000f8000000,0x00000000f8000000,0x00000000fb100000)
  from space 11776K, 5% used [0x00000000fbe80000,0x00000000fbf18000,0x00000000fca00000)
  to   space 12800K, 0% used [0x00000000fb100000,0x00000000fb100000,0x00000000fbd80000)
 ParOldGen       total 57856K, used 27360K [0x00000000e8000000, 0x00000000eb880000, 0x00000000f8000000)
  object space 57856K, 47% used [0x00000000e8000000,0x00000000e9ab8330,0x00000000eb880000)
 Metaspace       used 45107K, capacity 46024K, committed 46976K, reserved 1089536K
  class space    used 6107K, capacity 6351K, committed 6528K, reserved 1048576K
}
Event: 3955,713 GC heap before
{Heap before GC invocations=35 (full 4):
 PSYoungGen      total 61952K, used 50784K [0x00000000f8000000, 0x00000000fca00000, 0x0000000100000000)
  eden space 50176K, 100% used [0x00000000f8000000,0x00000000fb100000,0x00000000fb100000)
  from space 11776K, 5% used [0x00000000fbe80000,0x00000000fbf18000,0x00000000fca00000)
  to   space 12800K, 0% used [0x00000000fb100000,0x00000000fb100000,0x00000000fbd80000)
 ParOldGen       total 57856K, used 27360K [0x00000000e8000000, 0x00000000eb880000, 0x00000000f8000000)
  object space 57856K, 47% used [0x00000000e8000000,0x00000000e9ab8330,0x00000000eb880000)
 Metaspace       used 45166K, capacity 46088K, committed 46976K, reserved 1089536K
  class space    used 6107K, capacity 6351K, committed 6528K, reserved 1048576K
Event: 3955,716 GC heap after
Heap after GC invocations=35 (full 4):
 PSYoungGen      total 62976K, used 576K [0x00000000f8000000, 0x00000000fc980000, 0x0000000100000000)
  eden space 50176K, 0% used [0x00000000f8000000,0x00000000f8000000,0x00000000fb100000)
  from space 12800K, 4% used [0x00000000fb100000,0x00000000fb190000,0x00000000fbd80000)
  to   space 12288K, 0% used [0x00000000fbd80000,0x00000000fbd80000,0x00000000fc980000)
 ParOldGen       total 57856K, used 27368K [0x00000000e8000000, 0x00000000eb880000, 0x00000000f8000000)
  object space 57856K, 47% used [0x00000000e8000000,0x00000000e9aba330,0x00000000eb880000)
 Metaspace       used 45166K, capacity 46088K, committed 46976K, reserved 1089536K
  class space    used 6107K, capacity 6351K, committed 6528K, reserved 1048576K
}

